1644950664760	geckodriver	INFO	Listening on 127.0.0.1:61922
1644950667802	mozrunner::runner	INFO	Running command: "C:\\Program Files\\Firefox Developer Edition\\firefox.exe" "--marionette" "--remote-debugging-port" "61923" "-no-remote" "-profile" "C:\\Users\\GodSux\\AppData\\Local\\Temp\\rust_mozprofileZy8dKx"
1644950668442	Marionette	INFO	Marionette enabled
console.warn: SearchSettings: "get: No settings file exists, new profile?" (new NotFoundError("Could not open the file at C:\\Users\\GodSux\\AppData\\Local\\Temp\\rust_mozprofileZy8dKx\\search.json.mozlz4", (void 0)))
DevTools listening on ws://localhost:61923/devtools/browser/4d071c8c-ccf1-43a5-9f47-5d69207f6e25
1644950670211	Marionette	INFO	Listening on port 61930
1644950670455	RemoteAgent	WARN	TLS certificate errors will be ignored for this session
1644950677967	Marionette	INFO	Stopped listening on port 61930
console.warn: TopSitesFeed: Failed to fetch data from Contile server: NetworkError when attempting to fetch resource.

###!!! [Parent][PGPUParent] Error: RunMessage(msgname=PGPU::Msg_ShutdownVR) Channel closing: too late to send/recv, messages will be lost

1644950689050	geckodriver	INFO	Listening on 127.0.0.1:62135
1644950692120	mozrunner::runner	INFO	Running command: "C:\\Program Files\\Firefox Developer Edition\\firefox.exe" "--marionette" "--remote-debugging-port" "62136" "-no-remote" "-profile" "C:\\Users\\GodSux\\AppData\\Local\\Temp\\rust_mozprofileW8iFT8"
1644950692357	Marionette	INFO	Marionette enabled
console.warn: SearchSettings: "get: No settings file exists, new profile?" (new NotFoundError("Could not open the file at C:\\Users\\GodSux\\AppData\\Local\\Temp\\rust_mozprofileW8iFT8\\search.json.mozlz4", (void 0)))
DevTools listening on ws://localhost:62136/devtools/browser/f54d9d11-1edd-49f9-ac7e-a1ce24a46a81
1644950694061	Marionette	INFO	Listening on port 62150
1644950694174	RemoteAgent	WARN	TLS certificate errors will be ignored for this session
1644951342569	Marionette	INFO	Stopped listening on port 62150
console.warn: TopSitesFeed: Failed to fetch data from Contile server: NetworkError when attempting to fetch resource.
nette" "--remote-debugging-port" "62433" "-no-remote" "-profile" "C:\\Users\\GodSux\\AppData\\Local\\Temp\\rust_mozprofilekbUcdO"
1644950785152	Marionette	INFO	Marionette enabled
console.warn: SearchSettings: "get: No settings file exists, new profile?" (new NotFoundError("Could not open the file at C:\\Users\\GodSux\\AppData\\Local\\Temp\\rust_mozprofilekbUcdO\\search.json.mozlz4", (void 0)))
DevTools listening on ws://localhost:62433/devtools/browser/ccf36a2d-c319-4ad4-bcb5-d71eecb9d5ab
1644950787046	Marionette	INFO	Listening on port 62440
1644950787534	RemoteAgent	WARN	TLS certificate errors will be ignored for this session
1644950833677	Marionette	INFO	Stopped listening on port 62440
console.warn: TopSitesFeed: Failed to fetch data from Contile server: NetworkError when attempting to fetch resource.

###!!! [Parent][PGPUParent] Error: RunMessage(msgname=PGPU::Msg_ShutdownVR) Channel closing: too late to send/recv, messages will be lost

1644951319631	geckodriver	INFO	Listening on 127.0.0.1:53913
1644951322680	mozrunner::runner	INFO	Running command: "C:\\Program Files\\Firefox Developer Edition\\firefox.exe" "--marionette" "--remote-debugging-port" "53914" "-no-remote" "-profile" "C:\\Users\\GodSux\\AppData\\Local\\Temp\\rust_mozprofileDqfKhh"
1644951322912	Marionette	INFO	Marionette enabled
console.warn: SearchSettings: "get: No settings file exists, new profile?" (new NotFoundError("Could not open the file at C:\\Users\\GodSux\\AppData\\Local\\Temp\\rust_mozprofileDqfKhh\\search.json.mozlz4", (void 0)))
DevTools listening on ws://localhost:53914/devtools/browser/1f5c4787-6c50-4291-9c08-17d628a4d197
1644951324727	Marionette	INFO	Listening on port 53922
1644951324828	RemoteAgent	WARN	TLS certificate errors will be ignored for this session
1644951338403	Marionette	INFO	Stopped listening on port 53922
console.warn: TopSitesFeed: Failed to fetch data from Contile server: NetworkError when attempting to fetch resource.

###!!! [Parent][PGPUParent] Error: RunMessage(msgname=PGPU::Msg_ShutdownVR) Channel closing: too late to send/recv, messages will be lost

1644951406176	geckodriver	INFO	Listening on 127.0.0.1:54110
1644951409210	mozrunner::runner	INFO	Running command: "C:\\Program Files\\Firefox Developer Edition\\firefox.exe" "--marionette" "--remote-debugging-port" "54111" "-no-remote" "-profile" "C:\\Users\\GodSux\\AppData\\Local\\Temp\\rust_mozprofileqbswYk"
1644951409457	Marionette	INFO	Marionette enabled
console.warn: SearchSettings: "get: No settings file exists, new profile?" (new NotFoundError("Could not open the file at C:\\Users\\GodSux\\AppData\\Local\\Temp\\rust_mozprofileqbswYk\\search.json.mozlz4", (void 0)))
DevTools listening on ws://localhost:54111/devtools/browser/0e68f055-3c73-463f-aa3d-3979ac52cae1
1644951411031	Marionette	INFO	Listening on port 54117
1644951411268	RemoteAgent	WARN	TLS certificate errors will be ignored for this session
1644951527284	Marionette	INFO	Stopped listening on port 54117
console.warn: TopSitesFeed: Failed to fetch data from Contile server: NetworkError when attempting to fetch resource.

###!!! [Parent][PGPUParent] Error: RunMessage(msgname=PGPU::Msg_ShutdownVR) Channel closing: too late to send/recv, messages will be lost

1644951529587	geckodriver	INFO	Listening on 127.0.0.1:61399
1644951532621	mozrunner::runner	INFO	Running command: "C:\\Program Files\\Firefox Developer Edition\\firefox.exe" "--marionette" "--remote-debugging-port" "61400" "-no-remote" "-profile" "C:\\Users\\GodSux\\AppData\\Local\\Temp\\rust_mozprofileJdbqvk"
1644951532852	Marionette	INFO	Marionette enabled
console.warn: SearchSettings: "get: No settings file exists, new profile?" (new NotFoundError("Could not open the file at C:\\Users\\GodSux\\AppData\\Local\\Temp\\rust_mozprofileJdbqvk\\search.json.mozlz4", (void 0)))
DevTools listening on ws://localhost:61400/devtools/browser/cf305d6e-c220-415b-86c9-7001469c863b
1644951534312	Marionette	INFO	Listening on port 61406
1644951534669	RemoteAgent	WARN	TLS certificate errors will be ignored for this session
1644951619605	Marionette	INFO	Stopped listening on port 61406
console.warn: TopSitesFeed: Failed to fetch data from Contile server: NetworkError when attempting to fetch resource.

###!!! [Parent][PGPUParent] Error: RunMessage(msgname=PGPU::Msg_ShutdownVR) Channel closing: too late to send/recv, messages will be lost

1644951621671	geckodriver	INFO	Listening on 127.0.0.1:61560
1644951624709	mozrunner::runner	INFO	Running command: "C:\\Program Files\\Firefox Developer Edition\\firefox.exe" "--marionette" "--remote-debugging-port" "61561" "-no-remote" "-profile" "C:\\Users\\GodSux\\AppData\\Local\\Temp\\rust_mozprofile1nrxwY"
1644951624950	Marionette	INFO	Marionette enabled
console.warn: SearchSettings: "get: No settings file exists, new profile?" (new NotFoundError("Could not open the file at C:\\Users\\GodSux\\AppData\\Local\\Temp\\rust_mozprofile1nrxwY\\search.json.mozlz4", (void 0)))
DevTools listening on ws://localhost:61561/devtools/browser/b0fa9ded-2f52-4323-bf94-7a473d6a1712
1644951626583	Marionette	INFO	Listening on port 61570
1644951626739	RemoteAgent	WARN	TLS certificate errors will be ignored for this session
JavaScript error: https://chromedriver.storage.googleapis.com/index.html?path=98.0.4758.102/, line 99: TypeError: can't access property "getElementsByTagName", node is undefined
JavaScript error: , line 0: NS_ERROR_NOT_AVAILABLE
1644953711530	Marionette	INFO	Stopped listening on port 61570
console.warn: TopSitesFeed: Failed to fetch data from Contile server: NetworkError when attempting to fetch resource.

###!!! [Parent][PGPUParent] Error: RunMessage(msgname=PGPU::Msg_ShutdownVR) Channel closing: too late to send/recv, messages will be lost

earchSettings: "get: No settings file exists, new profile?" (new NotFoundError("Could not open the file at C:\\Users\\GodSux\\AppData\\Local\\Temp\\rust_mozprofilewwg5S9\\search.json.mozlz4", (void 0)))
DevTools listening on ws://localhost:56619/devtools/browser/e25b6714-19cf-4352-9497-70fc706dcafc
1644951853877	Marionette	INFO	Listening on port 56628
1644951854026	RemoteAgent	WARN	TLS certificate errors will be ignored for this session
JavaScript error: , line 0: NS_ERROR_NOT_AVAILABLE
1644953712592	Marionette	INFO	Stopped listening on port 56628
console.warn: TopSitesFeed: Failed to fetch data from Contile server: NetworkError when attempting to fetch resource.
" "-profile" "C:\\Users\\GodSux\\AppData\\Local\\Temp\\rust_mozprofilePEyJe8"
1644951949784	Marionette	INFO	Marionette enabled
console.warn: SearchSettings: "get: No settings file exists, new profile?" (new NotFoundError("Could not open the file at C:\\Users\\GodSux\\AppData\\Local\\Temp\\rust_mozprofilePEyJe8\\search.json.mozlz4", (void 0)))
DevTools listening on ws://localhost:56786/devtools/browser/a38f20db-64f5-40db-9fd2-2d7d51090176
1644951951544	Marionette	INFO	Listening on port 56795
1644951951590	RemoteAgent	WARN	TLS certificate errors will be ignored for this session
1644951969681	Marionette	INFO	Stopped listening on port 56795

###!!! [Parent][PGPUParent] Error: RunMessage(msgname=PGPU::Msg_ShutdownVR) Channel closing: too late to send/recv, messages will be lost

1644952254895	geckodriver	INFO	Listening on 127.0.0.1:59123
1644952257922	mozrunner::runner	INFO	Running command: "C:\\Program Files\\Firefox Developer Edition\\firefox.exe" "--marionette" "--remote-debugging-port" "59124" "-no-remote" "-profile" "C:\\Users\\GodSux\\AppData\\Local\\Temp\\rust_mozprofilemBuD29"
1644952258171	Marionette	INFO	Marionette enabled
console.warn: SearchSettings: "get: No settings file exists, new profile?" (new NotFoundError("Could not open the file at C:\\Users\\GodSux\\AppData\\Local\\Temp\\rust_mozprofilemBuD29\\search.json.mozlz4", (void 0)))
DevTools listening on ws://localhost:59124/devtools/browser/9df4d826-a864-4757-af46-3743f2b5a547
1644952259947	Marionette	INFO	Listening on port 59135
1644952259990	RemoteAgent	WARN	TLS certificate errors will be ignored for this session
1644952262474	Marionette	INFO	Stopped listening on port 59135
console.warn: TopSitesFeed: Failed to fetch data from Contile server: NetworkError when attempting to fetch resource.
JavaScript error: chrome://remote/content/marionette/cert.js, line 55: NS_ERROR_NOT_AVAILABLE: Component returned failure code: 0x80040111 (NS_ERROR_NOT_AVAILABLE) [nsICertOverrideService.setDisableAllSecurityChecksAndLetAttackersInterceptMyData]

###!!! [Parent][PGPUParent] Error: RunMessage(msgname=PGPU::Msg_ShutdownVR) Channel closing: too late to send/recv, messages will be lost

1644952616516	geckodriver	INFO	Listening on 127.0.0.1:49271
1644952619564	mozrunner::runner	INFO	Running command: "C:\\Program Files\\Firefox Developer Edition\\firefox.exe" "--marionette" "--remote-debugging-port" "49272" "-no-remote" "-profile" "C:\\Users\\GodSux\\AppData\\Local\\Temp\\rust_mozprofileG7mQl0"
1644952619810	Marionette	INFO	Marionette enabled
console.warn: SearchSettings: "get: No settings file exists, new profile?" (new NotFoundError("Could not open the file at C:\\Users\\GodSux\\AppData\\Local\\Temp\\rust_mozprofileG7mQl0\\search.json.mozlz4", (void 0)))
DevTools listening on ws://localhost:49272/devtools/browser/96c0e496-48db-405f-889b-11008baadea4
1644952621488	Marionette	INFO	Listening on port 49281
1644952621601	RemoteAgent	WARN	TLS certificate errors will be ignored for this session
1644952640581	Marionette	INFO	Stopped listening on port 49281

###!!! [Parent][PGPUParent] Error: RunMessage(msgname=PGPU::Msg_ShutdownVR) Channel closing: too late to send/recv, messages will be lost

1644952752722	geckodriver	INFO	Listening on 127.0.0.1:56967
1644952755759	mozrunner::runner	INFO	Running command: "C:\\Program Files\\Firefox Developer Edition\\firefox.exe" "--marionette" "--remote-debugging-port" "56968" "-no-remote" "-profile" "C:\\Users\\GodSux\\AppData\\Local\\Temp\\rust_mozprofilePEKHZU"
1644952755987	Marionette	INFO	Marionette enabled
console.warn: SearchSettings: "get: No settings file exists, new profile?" (new NotFoundError("Could not open the file at C:\\Users\\GodSux\\AppData\\Local\\Temp\\rust_mozprofilePEKHZU\\search.json.mozlz4", (void 0)))
DevTools listening on ws://localhost:56968/devtools/browser/04458bc2-4601-488e-a1af-6265571033f9
1644952757643	Marionette	INFO	Listening on port 56975
1644952757789	RemoteAgent	WARN	TLS certificate errors will be ignored for this session
1644952778015	Marionette	INFO	Stopped listening on port 56975
console.warn: TopSitesFeed: Failed to fetch data from Contile server: NetworkError when attempting to fetch resource.

###!!! [Parent][PGPUParent] Error: RunMessage(msgname=PGPU::Msg_ShutdownVR) Channel closing: too late to send/recv, messages will be lost

1644952791228	geckodriver	INFO	Listening on 127.0.0.1:57052
1644952794277	mozrunner::runner	INFO	Running command: "C:\\Program Files\\Firefox Developer Edition\\firefox.exe" "--marionette" "--remote-debugging-port" "57053" "-no-remote" "-profile" "C:\\Users\\GodSux\\AppData\\Local\\Temp\\rust_mozprofileoXqSL2"
1644952794504	Marionette	INFO	Marionette enabled
console.warn: SearchSettings: "get: No settings file exists, new profile?" (new NotFoundError("Could not open the file at C:\\Users\\GodSux\\AppData\\Local\\Temp\\rust_mozprofileoXqSL2\\search.json.mozlz4", (void 0)))
DevTools listening on ws://localhost:57053/devtools/browser/ad8c5bc7-bbc3-4215-b951-0ccc9512627b
1644952796228	Marionette	INFO	Listening on port 57062
1644952796306	RemoteAgent	WARN	TLS certificate errors will be ignored for this session
1644952814389	Marionette	INFO	Stopped listening on port 57062

###!!! [Parent][PGPUParent] Error: RunMessage(msgname=PGPU::Msg_ShutdownVR) Channel closing: too late to send/recv, messages will be lost

1644952911683	geckodriver	INFO	Listening on 127.0.0.1:57255
1644952914717	mozrunner::runner	INFO	Running command: "C:\\Program Files\\Firefox Developer Edition\\firefox.exe" "--marionette" "--remote-debugging-port" "57256" "-no-remote" "-profile" "C:\\Users\\GodSux\\AppData\\Local\\Temp\\rust_mozprofileCmSnFG"
1644952914955	Marionette	INFO	Marionette enabled
console.warn: SearchSettings: "get: No settings file exists, new profile?" (new NotFoundError("Could not open the file at C:\\Users\\GodSux\\AppData\\Local\\Temp\\rust_mozprofileCmSnFG\\search.json.mozlz4", (void 0)))
DevTools listening on ws://localhost:57256/devtools/browser/42f269c3-7b17-4c16-8058-4f96a8eeb5b7
1644952916504	Marionette	INFO	Listening on port 57264
1644952916757	RemoteAgent	WARN	TLS certificate errors will be ignored for this session
1644952935526	Marionette	INFO	Stopped listening on port 57264
1644955013732	geckodriver	INFO	Listening on 127.0.0.1:52495
1644955016769	mozrunner::runner	INFO	Running command: "C:\\Program Files\\Firefox Developer Edition\\firefox.exe" "--marionette" "--remote-debugging-port" "52496" "-no-remote" "-profile" "C:\\Users\\GodSux\\AppData\\Local\\Temp\\rust_mozprofilemI6cl0"
1644955016987	Marionette	INFO	Marionette enabled
console.warn: SearchSettings: "get: No settings file exists, new profile?" (new NotFoundError("Could not open the file at C:\\Users\\GodSux\\AppData\\Local\\Temp\\rust_mozprofilemI6cl0\\search.json.mozlz4", (void 0)))
DevTools listening on ws://localhost:52496/devtools/browser/0ad8d19c-99ba-4778-860a-b54d402b3fe3
1644955018451	Marionette	INFO	Listening on port 52510
1644955018819	RemoteAgent	WARN	TLS certificate errors will be ignored for this session
1644955021978	Marionette	INFO	Stopped listening on port 52510
console.warn: TopSitesFeed: Failed to fetch data from Contile server: NetworkError when attempting to fetch resource.
JavaScript error: chrome://remote/content/marionette/cert.js, line 55: NS_ERROR_NOT_AVAILABLE: Component returned failure code: 0x80040111 (NS_ERROR_NOT_AVAILABLE) [nsICertOverrideService.setDisableAllSecurityChecksAndLetAttackersInterceptMyData]
1645122532744	geckodriver	INFO	Listening on 127.0.0.1:50843
1645122535791	mozrunner::runner	INFO	Running command: "C:\\Program Files\\Firefox Developer Edition\\firefox.exe" "--marionette" "--remote-debugging-port" "50844" "-no-remote" "-profile" "C:\\Users\\GodSux\\AppData\\Local\\Temp\\rust_mozprofile0nBIZJ"
1645122559783	geckodriver	INFO	Listening on 127.0.0.1:52812
1645122562819	mozrunner::runner	INFO	Running command: "C:\\Program Files\\Firefox Developer Edition\\firefox.exe" "--marionette" "--remote-debugging-port" "52813" "-no-remote" "-profile" "C:\\Users\\GodSux\\AppData\\Local\\Temp\\rust_mozprofileqW3pbD"
1645122563075	Marionette	INFO	Marionette enabled
console.warn: SearchSettings: "get: No settings file exists, new profile?" (new NotFoundError("Could not open the file at C:\\Users\\GodSux\\AppData\\Local\\Temp\\rust_mozprofileqW3pbD\\search.json.mozlz4", (void 0)))
DevTools listening on ws://localhost:52813/devtools/browser/015c7f89-fb24-49d1-a2c4-435e167421f6
1645122564579	Marionette	INFO	Listening on port 52821
1645122564861	RemoteAgent	WARN	TLS certificate errors will be ignored for this session
JavaScript error: https://s1.otxatabanet.ru/games/torrent_igry/rpg/spellmaster-the-saga-2022/2-1-0-2286, line 205: TypeError: can't access property "href", document.querySelector(...) is null
JavaScript warning: https://cdn.jsdelivr.net/npm/yandex-metrica-watch/tag.js, line 11: WEBGL_debug_renderer_info is deprecated in Firefox and will be removed. Please use RENDERER.
1645122584135	Marionette	INFO	Stopped listening on port 52821
console.warn: TopSitesFeed: Failed to fetch data from Contile server: NetworkError when attempting to fetch resource.
[Parent 26964, IPC I/O Parent] WARNING: file /builds/worker/checkouts/gecko/ipc/chromium/src/base/process_util_win.cc:167
1645122594132	geckodriver	INFO	Listening on 127.0.0.1:52912
1645122597163	mozrunner::runner	INFO	Running command: "C:\\Program Files\\Firefox Developer Edition\\firefox.exe" "--marionette" "--remote-debugging-port" "52913" "-no-remote" "-profile" "C:\\Users\\GodSux\\AppData\\Local\\Temp\\rust_mozprofile9FKNnW"
1645122597414	Marionette	INFO	Marionette enabled
console.warn: SearchSettings: "get: No settings file exists, new profile?" (new NotFoundError("Could not open the file at C:\\Users\\GodSux\\AppData\\Local\\Temp\\rust_mozprofile9FKNnW\\search.json.mozlz4", (void 0)))
DevTools listening on ws://localhost:52913/devtools/browser/7e3f0017-2f7e-44bc-83f7-ed197bdfc358
1645122599381	Marionette	INFO	Listening on port 52921
1645122599814	RemoteAgent	WARN	TLS certificate errors will be ignored for this session
JavaScript error: https://s1.otxatabanet.ru/games/torrent_igry/rpg/spellmaster-the-saga-2022/2-1-0-2286, line 205: TypeError: can't access property "href", document.querySelector(...) is null
JavaScript warning: https://cdn.jsdelivr.net/npm/yandex-metrica-watch/tag.js, line 11: WEBGL_debug_renderer_info is deprecated in Firefox and will be removed. Please use RENDERER.
1645122612427	Marionette	INFO	Stopped listening on port 52921
console.warn: TopSitesFeed: Failed to fetch data from Contile server: NetworkError when attempting to fetch resource.
1645122654810	geckodriver	INFO	Listening on 127.0.0.1:61387
1645122657855	mozrunner::runner	INFO	Running command: "C:\\Program Files\\Firefox Developer Edition\\firefox.exe" "--marionette" "--remote-debugging-port" "61388" "-no-remote" "-profile" "C:\\Users\\GodSux\\AppData\\Local\\Temp\\rust_mozprofileLqu6pX"
1645122658106	Marionette	INFO	Marionette enabled
console.warn: SearchSettings: "get: No settings file exists, new profile?" (new NotFoundError("Could not open the file at C:\\Users\\GodSux\\AppData\\Local\\Temp\\rust_mozprofileLqu6pX\\search.json.mozlz4", (void 0)))
DevTools listening on ws://localhost:61388/devtools/browser/4a5932c3-13bc-493b-9bd7-acf63c6b286c
1645122659643	Marionette	INFO	Listening on port 61397
1645122659893	RemoteAgent	WARN	TLS certificate errors will be ignored for this session
JavaScript error: https://s1.otxatabanet.ru/games/torrent_igry/rpg/spellmaster-the-saga-2022/2-1-0-2286, line 205: TypeError: can't access property "href", document.querySelector(...) is null
JavaScript warning: https://cdn.jsdelivr.net/npm/yandex-metrica-watch/tag.js, line 11: WEBGL_debug_renderer_info is deprecated in Firefox and will be removed. Please use RENDERER.
1645122675610	Marionette	INFO	Stopped listening on port 61397
console.warn: TopSitesFeed: Failed to fetch data from Contile server: NetworkError when attempting to fetch resource.
1645122690088	geckodriver	INFO	Listening on 127.0.0.1:61490
1645122693141	mozrunner::runner	INFO	Running command: "C:\\Program Files\\Firefox Developer Edition\\firefox.exe" "--marionette" "--remote-debugging-port" "61491" "-no-remote" "-profile" "C:\\Users\\GodSux\\AppData\\Local\\Temp\\rust_mozprofileS723Vk"
1645122693389	Marionette	INFO	Marionette enabled
console.warn: SearchSettings: "get: No settings file exists, new profile?" (new NotFoundError("Could not open the file at C:\\Users\\GodSux\\AppData\\Local\\Temp\\rust_mozprofileS723Vk\\search.json.mozlz4", (void 0)))
DevTools listening on ws://localhost:61491/devtools/browser/c1e10967-0ee8-4eb2-a28b-0853e4d8b35f
1645122694978	Marionette	INFO	Listening on port 61501
1645122695186	RemoteAgent	WARN	TLS certificate errors will be ignored for this session
JavaScript error: https://s1.otxatabanet.ru/games/torrent_igry/rpg/spellmaster-the-saga-2022/2-1-0-2286, line 205: TypeError: can't access property "href", document.querySelector(...) is null
JavaScript warning: https://cdn.jsdelivr.net/npm/yandex-metrica-watch/tag.js, line 11: WEBGL_debug_renderer_info is deprecated in Firefox and will be removed. Please use RENDERER.
1645122708302	Marionette	INFO	Stopped listening on port 61501
console.warn: TopSitesFeed: Failed to fetch data from Contile server: NetworkError when attempting to fetch resource.

###!!! [Parent][PGPUParent] Error: RunMessage(msgname=PGPU::Msg_ShutdownVR) Channel closing: too late to send/recv, messages will be lost

1645122842887	geckodriver	INFO	Listening on 127.0.0.1:57871
1645122845923	mozrunner::runner	INFO	Running command: "C:\\Program Files\\Firefox Developer Edition\\firefox.exe" "--marionette" "--remote-debugging-port" "57872" "-no-remote" "-profile" "C:\\Users\\GodSux\\AppData\\Local\\Temp\\rust_mozprofileXgenbL"
1645122846169	Marionette	INFO	Marionette enabled
console.warn: SearchSettings: "get: No settings file exists, new profile?" (new NotFoundError("Could not open the file at C:\\Users\\GodSux\\AppData\\Local\\Temp\\rust_mozprofileXgenbL\\search.json.mozlz4", (void 0)))
DevTools listening on ws://localhost:57872/devtools/browser/b4a72b33-3423-43e6-965b-1e2cde7e4d11
1645122847735	Marionette	INFO	Listening on port 57878
1645122847965	RemoteAgent	WARN	TLS certificate errors will be ignored for this session
1645122851430	Marionette	INFO	Stopped listening on port 57878
console.warn: TopSitesFeed: Failed to fetch data from Contile server: NetworkError when attempting to fetch resource.
[Parent 16672, IPC I/O Parent] WARNING: file /builds/worker/checkouts/gecko/ipc/chromium/src/base/process_util_win.cc:167
1645122887000	geckodriver	INFO	Listening on 127.0.0.1:57952
1645122890051	mozrunner::runner	INFO	Running command: "C:\\Program Files\\Firefox Developer Edition\\firefox.exe" "--marionette" "--remote-debugging-port" "57953" "-no-remote" "-profile" "C:\\Users\\GodSux\\AppData\\Local\\Temp\\rust_mozprofileDlnYfA"
1645122890301	Marionette	INFO	Marionette enabled
console.warn: SearchSettings: "get: No settings file exists, new profile?" (new NotFoundError("Could not open the file at C:\\Users\\GodSux\\AppData\\Local\\Temp\\rust_mozprofileDlnYfA\\search.json.mozlz4", (void 0)))
DevTools listening on ws://localhost:57953/devtools/browser/96c2821a-d61e-46fc-9513-a7b62c85c176
1645122891834	Marionette	INFO	Listening on port 57961
1645122892085	RemoteAgent	WARN	TLS certificate errors will be ignored for this session
1645122898688	Marionette	INFO	Stopped listening on port 57961
console.warn: TopSitesFeed: Failed to fetch data from Contile server: NetworkError when attempting to fetch resource.

###!!! [Parent][PGPUParent] Error: RunMessage(msgname=PGPU::Msg_ShutdownVR) Channel closing: too late to send/recv, messages will be lost

1645123115858	geckodriver	INFO	Listening on 127.0.0.1:50032
1645123118892	mozrunner::runner	INFO	Running command: "C:\\Program Files\\Firefox Developer Edition\\firefox.exe" "--marionette" "--remote-debugging-port" "50033" "-no-remote" "-profile" "C:\\Users\\GodSux\\AppData\\Local\\Temp\\rust_mozprofile9lSnSG"
1645123119139	Marionette	INFO	Marionette enabled
console.warn: SearchSettings: "get: No settings file exists, new profile?" (new NotFoundError("Could not open the file at C:\\Users\\GodSux\\AppData\\Local\\Temp\\rust_mozprofile9lSnSG\\search.json.mozlz4", (void 0)))
DevTools listening on ws://localhost:50033/devtools/browser/3bccee9a-a41c-40b3-a317-1b70bd7a709e
1645123120769	Marionette	INFO	Listening on port 50041
1645123120946	RemoteAgent	WARN	TLS certificate errors will be ignored for this session
1645123132473	Marionette	INFO	Stopped listening on port 50041
console.warn: TopSitesFeed: Failed to fetch data from Contile server: NetworkError when attempting to fetch resource.

###!!! [Parent][PGPUParent] Error: RunMessage(msgname=PGPU::Msg_ShutdownVR) Channel closing: too late to send/recv, messages will be lost

1645123507699	geckodriver	INFO	Listening on 127.0.0.1:54706
1645123510760	mozrunner::runner	INFO	Running command: "C:\\Program Files\\Firefox Developer Edition\\firefox.exe" "--marionette" "--remote-debugging-port" "54707" "-no-remote" "-profile" "C:\\Users\\GodSux\\AppData\\Local\\Temp\\rust_mozprofilerLWjdK"
1645123511002	Marionette	INFO	Marionette enabled
console.warn: SearchSettings: "get: No settings file exists, new profile?" (new NotFoundError("Could not open the file at C:\\Users\\GodSux\\AppData\\Local\\Temp\\rust_mozprofilerLWjdK\\search.json.mozlz4", (void 0)))
DevTools listening on ws://localhost:54707/devtools/browser/06d34428-0ff5-49fd-8f01-d8c391f98ee1
1645123512784	Marionette	INFO	Listening on port 65486
1645123512819	RemoteAgent	WARN	TLS certificate errors will be ignored for this session
JavaScript error: , line 0: NS_ERROR_NOT_AVAILABLE
JavaScript error: resource://gre/modules/AsyncShutdown.jsm, line 575: NotFoundError: No such JSWindowActor 'DevToolsFrame'
1645124420987	Marionette	INFO	Stopped listening on port 65486
console.warn: TopSitesFeed: Failed to fetch data from Contile server: NetworkError when attempting to fetch resource.
ed
console.warn: SearchSettings: "get: No settings file exists, new profile?" (new NotFoundError("Could not open the file at C:\\Users\\GodSux\\AppData\\Local\\Temp\\rust_mozprofileUTraII\\search.json.mozlz4", (void 0)))
DevTools listening on ws://localhost:49440/devtools/browser/94ae6899-cf6a-423d-b7e8-68e8f500cec3
1645123864901	Marionette	INFO	Listening on port 49450
1645123865054	RemoteAgent	WARN	TLS certificate errors will be ignored for this session
1645123871751	Marionette	INFO	Stopped listening on port 49450
console.warn: TopSitesFeed: Failed to fetch data from Contile server: NetworkError when attempting to fetch resource.

###!!! [Parent][PGPUParent] Error: RunMessage(msgname=PGPU::Msg_ShutdownVR) Channel closing: too late to send/recv, messages will be lost

1645123898646	geckodriver	INFO	Listening on 127.0.0.1:49531
1645123901686	mozrunner::runner	INFO	Running command: "C:\\Program Files\\Firefox Developer Edition\\firefox.exe" "--marionette" "--remote-debugging-port" "49532" "-no-remote" "-profile" "C:\\Users\\GodSux\\AppData\\Local\\Temp\\rust_mozprofileuyeI5t"
1645123901932	Marionette	INFO	Marionette enabled
console.warn: SearchSettings: "get: No settings file exists, new profile?" (new NotFoundError("Could not open the file at C:\\Users\\GodSux\\AppData\\Local\\Temp\\rust_mozprofileuyeI5t\\search.json.mozlz4", (void 0)))
DevTools listening on ws://localhost:49532/devtools/browser/27ae3aef-43f9-4041-9426-2d919cdeabc2
1645123903929	Marionette	INFO	Listening on port 49544
1645123904354	RemoteAgent	WARN	TLS certificate errors will be ignored for this session
1645123916951	Marionette	INFO	Stopped listening on port 49544
console.warn: TopSitesFeed: Failed to fetch data from Contile server: NetworkError when attempting to fetch resource.

###!!! [Parent][PGPUParent] Error: RunMessage(msgname=PGPU::Msg_ShutdownVR) Channel closing: too late to send/recv, messages will be lost

[Parent 1500, IPC I/O Parent] WARNING: file /builds/worker/checkouts/gecko/ipc/chromium/src/base/process_util_win.cc:167
1645123934065	geckodriver	INFO	Listening on 127.0.0.1:62902
1645123937118	mozrunner::runner	INFO	Running command: "C:\\Program Files\\Firefox Developer Edition\\firefox.exe" "--marionette" "--remote-debugging-port" "62903" "-no-remote" "-profile" "C:\\Users\\GodSux\\AppData\\Local\\Temp\\rust_mozprofilek7h4B1"
1645123937450	Marionette	INFO	Marionette enabled
console.warn: SearchSettings: "get: No settings file exists, new profile?" (new NotFoundError("Could not open the file at C:\\Users\\GodSux\\AppData\\Local\\Temp\\rust_mozprofilek7h4B1\\search.json.mozlz4", (void 0)))
DevTools listening on ws://localhost:62903/devtools/browser/37dff096-a18a-4c59-9e95-ab961823efdb
1645123939943	Marionette	INFO	Listening on port 54350
1645123940337	RemoteAgent	WARN	TLS certificate errors will be ignored for this session
1645123960231	Marionette	INFO	Stopped listening on port 54350
console.warn: TopSitesFeed: Failed to fetch data from Contile server: NetworkError when attempting to fetch resource.

###!!! [Parent][PGPUParent] Error: RunMessage(msgname=PGPU::Msg_ShutdownVR) Channel closing: too late to send/recv, messages will be lost

[Parent 1392, IPC I/O Parent] WARNING: file /builds/worker/checkouts/gecko/ipc/chromium/src/base/process_util_win.cc:167
1645124007788	geckodriver	INFO	Listening on 127.0.0.1:54754
1645124010837	mozrunner::runner	INFO	Running command: "C:\\Program Files\\Firefox Developer Edition\\firefox.exe" "--marionette" "--remote-debugging-port" "54755" "-no-remote" "-profile" "C:\\Users\\GodSux\\AppData\\Local\\Temp\\rust_mozprofileFH93o5"
1645124011072	Marionette	INFO	Marionette enabled
console.warn: SearchSettings: "get: No settings file exists, new profile?" (new NotFoundError("Could not open the file at C:\\Users\\GodSux\\AppData\\Local\\Temp\\rust_mozprofileFH93o5\\search.json.mozlz4", (void 0)))
DevTools listening on ws://localhost:54755/devtools/browser/6db3be4f-571a-480b-8cd6-2a329dc6c973
1645124012698	Marionette	INFO	Listening on port 54765
1645124012879	RemoteAgent	WARN	TLS certificate errors will be ignored for this session
JavaScript error: , line 0: NS_ERROR_NOT_AVAILABLE
JavaScript error: resource://gre/modules/AsyncShutdown.jsm, line 575: NotFoundError: No such JSWindowActor 'DevToolsFrame'
1645125241485	Marionette	INFO	Stopped listening on port 54765
console.warn: TopSitesFeed: Failed to fetch data from Contile server: NetworkError when attempting to fetch resource.
ed
console.warn: SearchSettings: "get: No settings file exists, new profile?" (new NotFoundError("Could not open the file at C:\\Users\\GodSux\\AppData\\Local\\Temp\\rust_mozprofileuDGFVP\\search.json.mozlz4", (void 0)))
DevTools listening on ws://localhost:54197/devtools/browser/dc9d2762-c620-4c66-8f5e-34affaccd09c
1645124723791	Marionette	INFO	Listening on port 54207
1645124723945	RemoteAgent	WARN	TLS certificate errors will be ignored for this session
JavaScript error: , line 0: NS_ERROR_NOT_AVAILABLE
JavaScript error: resource://gre/modules/AsyncShutdown.jsm, line 575: NotFoundError: No such JSWindowActor 'DevToolsFrame'
1645126217516	Marionette	INFO	Stopped listening on port 54207
console.warn: TopSitesFeed: Failed to fetch data from Contile server: NetworkError when attempting to fetch resource.
hKtG"
1645126184948	Marionette	INFO	Marionette enabled
console.warn: SearchSettings: "get: No settings file exists, new profile?" (new NotFoundError("Could not open the file at C:\\Users\\GodSux\\AppData\\Local\\Temp\\rust_mozprofileJQhKtG\\search.json.mozlz4", (void 0)))
DevTools listening on ws://localhost:55417/devtools/browser/f73bdafd-8db3-4b58-b5d3-df1379d7e570
1645126186610	Marionette	INFO	Listening on port 55425
1645126186712	RemoteAgent	WARN	TLS certificate errors will be ignored for this session
1645126218518	Marionette	INFO	Stopped listening on port 55425
console.warn: TopSitesFeed: Failed to fetch data from Contile server: NetworkError when attempting to fetch resource.

###!!! [Parent][PGPUParent] Error: RunMessage(msgname=PGPU::Msg_ShutdownVR) Channel closing: too late to send/recv, messages will be lost

1645126221790	geckodriver	INFO	Listening on 127.0.0.1:55527
1645126224835	mozrunner::runner	INFO	Running command: "C:\\Program Files\\Firefox Developer Edition\\firefox.exe" "--marionette" "--remote-debugging-port" "55528" "-no-remote" "-profile" "C:\\Users\\GodSux\\AppData\\Local\\Temp\\rust_mozprofilespBACi"
1645126225081	Marionette	INFO	Marionette enabled
console.warn: SearchSettings: "get: No settings file exists, new profile?" (new NotFoundError("Could not open the file at C:\\Users\\GodSux\\AppData\\Local\\Temp\\rust_mozprofilespBACi\\search.json.mozlz4", (void 0)))
DevTools listening on ws://localhost:55528/devtools/browser/1fee80a5-bb28-44e3-b628-90624965874f
1645126226843	Marionette	INFO	Listening on port 55537
1645126226882	RemoteAgent	WARN	TLS certificate errors will be ignored for this session
1645126410154	Marionette	INFO	Stopped listening on port 55537
console.warn: TopSitesFeed: Failed to fetch data from Contile server: NetworkError when attempting to fetch resource.
nette" "--remote-debugging-port" "58594" "-no-remote" "-profile" "C:\\Users\\GodSux\\AppData\\Local\\Temp\\rust_mozprofileuovZey"
1645126356682	Marionette	INFO	Marionette enabled
console.warn: SearchSettings: "get: No settings file exists, new profile?" (new NotFoundError("Could not open the file at C:\\Users\\GodSux\\AppData\\Local\\Temp\\rust_mozprofileuovZey\\search.json.mozlz4", (void 0)))
DevTools listening on ws://localhost:58594/devtools/browser/2153208f-7ff2-4db9-89e5-c8abe1f1aeea
1645126358364	Marionette	INFO	Listening on port 58603
1645126358484	RemoteAgent	WARN	TLS certificate errors will be ignored for this session
1645126410976	Marionette	INFO	Stopped listening on port 58603
console.warn: TopSitesFeed: Failed to fetch data from Contile server: NetworkError when attempting to fetch resource.

###!!! [Parent][PGPUParent] Error: RunMessage(msgname=PGPU::Msg_ShutdownVR) Channel closing: too late to send/recv, messages will be lost

1645126412298	geckodriver	INFO	Listening on 127.0.0.1:58155
1645126415361	mozrunner::runner	INFO	Running command: "C:\\Program Files\\Firefox Developer Edition\\firefox.exe" "--marionette" "--remote-debugging-port" "58156" "-no-remote" "-profile" "C:\\Users\\GodSux\\AppData\\Local\\Temp\\rust_mozprofileQ54Sgc"
1645126415603	Marionette	INFO	Marionette enabled
console.warn: SearchSettings: "get: No settings file exists, new profile?" (new NotFoundError("Could not open the file at C:\\Users\\GodSux\\AppData\\Local\\Temp\\rust_mozprofileQ54Sgc\\search.json.mozlz4", (void 0)))
DevTools listening on ws://localhost:58156/devtools/browser/0c2a6a78-38a7-4b66-906f-cb2d57abfbe9
1645126417310	Marionette	INFO	Listening on port 58165
1645126417399	RemoteAgent	WARN	TLS certificate errors will be ignored for this session
1645126505120	Marionette	INFO	Stopped listening on port 58165
console.warn: TopSitesFeed: Failed to fetch data from Contile server: NetworkError when attempting to fetch resource.

###!!! [Parent][PGPUParent] Error: RunMessage(msgname=PGPU::Msg_ShutdownVR) Channel closing: too late to send/recv, messages will be lost

1645126507405	geckodriver	INFO	Listening on 127.0.0.1:58309
1645126510434	mozrunner::runner	INFO	Running command: "C:\\Program Files\\Firefox Developer Edition\\firefox.exe" "--marionette" "--remote-debugging-port" "58310" "-no-remote" "-profile" "C:\\Users\\GodSux\\AppData\\Local\\Temp\\rust_mozprofileXJU0xO"
1645126510683	Marionette	INFO	Marionette enabled
console.warn: SearchSettings: "get: No settings file exists, new profile?" (new NotFoundError("Could not open the file at C:\\Users\\GodSux\\AppData\\Local\\Temp\\rust_mozprofileXJU0xO\\search.json.mozlz4", (void 0)))
DevTools listening on ws://localhost:58310/devtools/browser/824b30a0-e90b-4abb-bd1f-c1c8ca0665ee
1645126512225	Marionette	INFO	Listening on port 58318
1645126512462	RemoteAgent	WARN	TLS certificate errors will be ignored for this session
1645126607904	Marionette	INFO	Stopped listening on port 58318
console.warn: TopSitesFeed: Failed to fetch data from Contile server: NetworkError when attempting to fetch resource.
